[debug] [2023-05-20T21:59:27.148Z] ----------------------------------------------------------------------
[debug] [2023-05-20T21:59:27.149Z] Command:       /usr/local/bin/node /usr/local/bin/firebase deploy
[debug] [2023-05-20T21:59:27.150Z] CLI Version:   11.27.0
[debug] [2023-05-20T21:59:27.150Z] Platform:      darwin
[debug] [2023-05-20T21:59:27.150Z] Node Version:  v16.15.0
[debug] [2023-05-20T21:59:27.152Z] Time:          Sat May 20 2023 18:59:27 GMT-0300 (hora estándar de Argentina)
[debug] [2023-05-20T21:59:27.152Z] ----------------------------------------------------------------------
[debug] 
[debug] [2023-05-20T21:59:27.205Z] > command requires scopes: ["email","openid","https://www.googleapis.com/auth/cloudplatformprojects.readonly","https://www.googleapis.com/auth/firebase","https://www.googleapis.com/auth/cloud-platform"]
[debug] [2023-05-20T21:59:27.205Z] > authorizing via signed-in user (coloradomaxx@gmail.com)
[debug] [2023-05-20T21:59:27.205Z] [iam] checking project mi-portfolio-ap for permissions ["firebase.projects.get","firebasehosting.sites.update"]
[debug] [2023-05-20T21:59:27.207Z] >>> [apiv2][query] POST https://cloudresourcemanager.googleapis.com/v1/projects/mi-portfolio-ap:testIamPermissions [none]
[debug] [2023-05-20T21:59:27.207Z] >>> [apiv2][(partial)header] POST https://cloudresourcemanager.googleapis.com/v1/projects/mi-portfolio-ap:testIamPermissions x-goog-quota-user=projects/mi-portfolio-ap
[debug] [2023-05-20T21:59:27.207Z] >>> [apiv2][body] POST https://cloudresourcemanager.googleapis.com/v1/projects/mi-portfolio-ap:testIamPermissions {"permissions":["firebase.projects.get","firebasehosting.sites.update"]}
[debug] [2023-05-20T21:59:28.374Z] <<< [apiv2][status] POST https://cloudresourcemanager.googleapis.com/v1/projects/mi-portfolio-ap:testIamPermissions 200
[debug] [2023-05-20T21:59:28.375Z] <<< [apiv2][body] POST https://cloudresourcemanager.googleapis.com/v1/projects/mi-portfolio-ap:testIamPermissions {"permissions":["firebase.projects.get","firebasehosting.sites.update"]}
[debug] [2023-05-20T21:59:28.377Z] >>> [apiv2][query] GET https://firebase.googleapis.com/v1beta1/projects/mi-portfolio-ap [none]
[debug] [2023-05-20T21:59:29.062Z] <<< [apiv2][status] GET https://firebase.googleapis.com/v1beta1/projects/mi-portfolio-ap 200
[debug] [2023-05-20T21:59:29.062Z] <<< [apiv2][body] GET https://firebase.googleapis.com/v1beta1/projects/mi-portfolio-ap {"projectId":"mi-portfolio-ap","projectNumber":"398019374171","displayName":"Mi portfolio AP","name":"projects/mi-portfolio-ap","resources":{"hostingSite":"mi-portfolio-ap"},"state":"ACTIVE","etag":"1_052bde01-c775-4095-bf1b-f54f0ad0d09b"}
[info] 
[info] === Deploying to 'mi-portfolio-ap'...
[info] 
[info] i  deploying hosting 
[debug] [2023-05-20T21:59:29.066Z] >>> [apiv2][query] POST https://firebasehosting.googleapis.com/v1beta1/projects/-/sites/mi-portfolio-ap/versions [none]
[debug] [2023-05-20T21:59:29.066Z] >>> [apiv2][body] POST https://firebasehosting.googleapis.com/v1beta1/projects/-/sites/mi-portfolio-ap/versions {"status":"CREATED","labels":{"deployment-tool":"cli-firebase"}}
[debug] [2023-05-20T21:59:30.476Z] <<< [apiv2][status] POST https://firebasehosting.googleapis.com/v1beta1/projects/-/sites/mi-portfolio-ap/versions 200
[debug] [2023-05-20T21:59:30.476Z] <<< [apiv2][body] POST https://firebasehosting.googleapis.com/v1beta1/projects/-/sites/mi-portfolio-ap/versions {"name":"projects/398019374171/sites/mi-portfolio-ap/versions/becb80388d2689eb","status":"CREATED","config":{},"labels":{"deployment-tool":"cli-firebase"}}
[info] i  hosting[mi-portfolio-ap]: beginning deploy... 
[info] i  hosting[mi-portfolio-ap]: found 63 files in dist/portfolio 
[debug] [2023-05-20T21:59:30.497Z] [hosting] uploading with 200 concurrency
[debug] [2023-05-20T21:59:30.653Z] [hosting] hash cache [ZGlzdC9wb3J0Zm9saW8] stored for 63 files
[debug] [2023-05-20T21:59:30.653Z] [hosting][hash queue][FINAL] {"max":132,"min":9,"avg":28.23809523809524,"active":0,"complete":63,"success":63,"errored":0,"retried":0,"total":63,"elapsed":153}
[debug] [2023-05-20T21:59:30.653Z] >>> [apiv2][query] POST https://firebasehosting.googleapis.com/v1beta1/projects/398019374171/sites/mi-portfolio-ap/versions/becb80388d2689eb:populateFiles [none]
[debug] [2023-05-20T21:59:30.654Z] >>> [apiv2][body] POST https://firebasehosting.googleapis.com/v1beta1/projects/398019374171/sites/mi-portfolio-ap/versions/becb80388d2689eb:populateFiles {"files":{"/assets/css/contacto.css":"f1b651238a58fe290baec6c5e32f3bdb1943dd2bd582f02569231f7a757c7837","/index.html":"13726e11485c02f98627c28dc020a2f258a8c8703246196cad30e2d25035b13f","/3rdpartylicenses.txt":"354343ad62eccc1406bac4a8af4e68cae547193327d5fbed43d545a078ba4f30","/assets/style.css":"f5c7f5f9feeeab94f9e91e57d4d33d1a95a6683bc0a3c17e2357edec5e74ec08","/assets/css/style.css":"d14b343536cc4ce0857d1d5f85a3e53fa717cf8ea706887c8ca0c0bd5c9c5317","/runtime.985c6c42fc9c4e82.js":"beeb7c4be47d46cd0981e4caae3cc8eca90208868c9fb70fe38790f21886a275","/polyfills.2d5c3321aee013a2.js":"efa7dc21023fbaa8ee7b97381a80ca97ebb3f691f2bf75be7fa2d4eb28f9566c","/assets/img/ef.jpeg":"2b390358fb2dc1aee8b656cd93146e5151da5c8b9a8af1b4b94739e89d702cbd","/assets/img/logo-unr.jpeg":"9cdea35d122002e5c37dec233eb0301b20872f63e3844076214d7e926e248fa1","/assets/img/APLogo.png":"81d40eec67316fe77912831534fe308c01b9465a34bf4a8bb240584bf4ddfd2a","/assets/img/ico/android-icon-144x144.png":"d50005939096e29dcfc31cc9508170c0206a30a73c3ab3000c3bfc89485df62b","/assets/img/ico/android-icon-192x192.png":"7a6d5850eb3e318d9baf535f892467428c4216d3e6faa9f0d6094d8efc22ff38","/assets/img/ico/android-icon-36x36.png":"a6b4145367fcdc5b9db5be7a6914aba874896ca6acca9bf5bc3a6d014b8c56d4","/assets/img/ico/android-icon-48x48.png":"0702bbdd39d24f3918c5bacb085e6380905630b24e7518b59fa82500b92519f6","/assets/img/ico/android-icon-72x72.png":"53f26cddfc9da4d4d8c2ecc77908c341ba298a4a919a5e3c6e7aad8bd6971476","/assets/img/ico/android-icon-96x96.png":"76f5162bb63ced955974cd9e298ef59ad2aad6f7823edad9f80dc3799e7efc13","/assets/img/ico/apple-icon-114x114.png":"3530c181020cb19a595316147802783e33f166d5b6817ff4e056685228dd072f","/assets/img/ico/apple-icon-120x120.png":"667282ea1f8d82686f310197445bf6c03945d65efd007610084f32b13fbea8fd","/assets/img/ico/apple-icon-144x144.png":"99e446061037f6f81ca7ad05bfab4bd5dd0a84d22f504b386a3b0f9cb20cb706","/assets/img/ico/apple-icon-57x57.png":"f63a0f67e6139f7158ff0323b17a4263fb4539b1960c0c64f39c5143e3aca8af","/assets/img/ico/apple-icon-152x152.png":"c439846ac26eb7dd4d1da173f0dd51f8143ff6a0818c550f9e56e18a19a87d87","/assets/img/ico/apple-icon-180x180.png":"809dfab4567ed09700d6630f39e7d01568e2ac2f14b6e06f89b0391c9dd084ff","/assets/img/ico/apple-icon-60x60.png":"f9763d0af731e75c6ae1c6acaf6338e37bd05bf8f26c3476801b517fc16b631a","/assets/img/ico/apple-icon-72x72.png":"53f26cddfc9da4d4d8c2ecc77908c341ba298a4a919a5e3c6e7aad8bd6971476","/assets/img/ico/apple-icon-76x76.png":"686c52a36f70081ee832827c7e3a534d9b2733b0a281d589862df1e10fae7b0a","/assets/img/ico/browserconfig.xml":"fae788f528ba8978ceb8d2d072992f9e7d7ca74aa2e021891e5322d822e2efe2","/assets/img/ico/favicon-16x16.png":"97654697e777636cddc370db5c6481b08d9b7f88dfa91a44ddf2fd52fd639cb3","/assets/img/ico/apple-icon-precomposed.png":"0125203e43f5a8dfc4b2cb8bb4aa84e8c8a3d8cb92a8da3fcf64e69869c3cd7e","/assets/img/ico/apple-icon.png":"0125203e43f5a8dfc4b2cb8bb4aa84e8c8a3d8cb92a8da3fcf64e69869c3cd7e","/assets/fonts/glyphicons-halflings-regular.eot":"af4eebf1dbfcf400b712f15bf7c2cd286f5588a03b7b013e65c865d5571c813e","/assets/fonts/glyphicons-halflings-regular.woff":"002a696b7086f9dd1bb8ff4f9998c880f54604e1ecc463139953ddb5fe81382c","/assets/fonts/glyphicons-halflings-regular.woff2":"15f2a5a735481cbef6b0a3c6427841b42cc4260d56ff47c2fc446abde74f39e6","/assets/fonts/glyphicons-halflings-regular.ttf":"45f408e068697e48a10e18cae5c1f8e9e9d5cb6b4c4d123b6b3c8486690eb498","/assets/img/codecademylogo.jpg":"190b4ce3829dc4384edfa8a63d4c80351921bd6128329967fd48519e8e5c908f","/assets/img/loading_spinner.gif":"49961f58ef9d489e95fca3728f1c984e7a2f0e4ef326585cde5d3b8db36e8bf5","/assets/img/logo-unr.png":"4d154a3a56aa438cb85c066cb376c39c75f84e8b75b4e4297c9b93e048400ea9","/assets/img/logoss.jpg":"9eadd4ea6fa0bd7910ee32a20a33bf65b0ae71b5fc33ad91d9264642ec0f323b","/assets/img/ico/favicon-32x32.png":"e5ee700f29badfae7165f4370bd8c213a1c9142443dec3baf437b863386ea2cd","/assets/img/APLogo.psd":"7715cde805428b3fcc548c8b402ecc5af743d2a8c1e01ce85c5758afb45d4b9a","/assets/js/scripts.js":"f1b651238a58fe290baec6c5e32f3bdb1943dd2bd582f02569231f7a757c7837","/assets/img/ico/favicon.ico":"aeafc6e21bb9a3492a794b7322cc2d919955b2d4bc8d086cfae1852d4dfd4a4f","/assets/img/ico/favicon-96x96.png":"b39b145cfccf36650bd29a2453797367314603a50b94f9962c1f379aed4d703c","/assets/img/ico/manifest.json":"97c392941aa3243bfab325077167766abe6c073e3ff5e61a4e1b884309e6599b","/assets/img/ico/ms-icon-144x144.png":"99e446061037f6f81ca7ad05bfab4bd5dd0a84d22f504b386a3b0f9cb20cb706","/assets/img/ico/ms-icon-150x150.png":"2521268428ccd4a53a0ccfb83a8260e58494b1283a2cf96c69ccebf50adc09e5","/assets/img/ico/ms-icon-310x310.png":"8cbfeee9e57d986c4da4fe4e4506b32f5c5971b7baf4186a6f32698c85c9e4fe","/assets/img/ico/ms-icon-70x70.png":"9af77c5b0c39fe7808794e5a5829acdfdc5e3a1737f125e414e5eb1e7384c878","/assets/img/logoubp.jpeg":"0a4b346a85325c1343c6393f32432c958fb87ab6fb81269fb01ba7ed420711a5","/assets/img/profile.jpg":"a57a12c2f9819baad3d480a45ee6ab1b4e377436af3c55c08dd299a445a44b46","/assets/js/popper.min.js":"94d17c8197682af83daa6ac4f746f4508965a7c6bd33a20bf44e19151e6f7be5","/assets/fonts/glyphicons-halflings-regular.svg":"7b5b4b2b718bed266b6f32dda8a28fc9d9792b5b03bb0a905a7b8224b9d95d16","/scripts.c9c6a43cee3e1491.js":"0d2ce7cda2978e6297d6f10fa00e87acd708443bf712936ccb8b34867fddeca9","/styles.7edbd225497d7462.css":"79ac959fd10014d4aa605fee853ef742428ddd6fc5d62f68d7f936a7c835884d","/assets/js/bootstrap.min.js":"718678de0603036e06fcf22f8c59a1792df4302de513ad079081af27bbbd7ced","/assets/img/efenglish.png":"908f6ef6d644d830a89760f2b39fb0e7332ed00b62eca9a33fc94dbc9cdd0a54","/assets/img/logocessi.png":"3878e766273b2e6c066de49fdeec5417746f94113e620e4da9507d125a7c675d","/assets/img/cover.jpg":"db163d7abe65e369489b95e102309656136ad3a7163d13980362a1b58b16e6c2","/assets/js/jquery.min.js":"5df3491e79cad0754c12942c048c21c85a9448ad9b0f8be79b6b31250478d376","/main.cac6723318d48775.js":"e932f6cab79725cb4a408613d6e574c830b6f023bf0e6cfd14a8bd63415ae584","/assets/img/estudiosequeirascreenshot.png":"7c381987f0f3638d0da61ac1a9aaa0308368d154c263f31c6b835d001aed96c1","/assets/img/portfolioscreenshot.png":"0d533960e603612bc60441b4398dfbaf906a85061d47d8bed51b7f0d39f2c3d5","/assets/img/jammingscreenshot.png":"9c41930ced8ccf69c32f26650d94ffd8d06092b7d2b93774a27d63778f8fb52f","/assets/js/all.js":"281b17177fbc9330fe92acc78c413210cd59bf33a0724fe02ed5653b927e6e6c"}}
[debug] [2023-05-20T21:59:32.029Z] <<< [apiv2][status] POST https://firebasehosting.googleapis.com/v1beta1/projects/398019374171/sites/mi-portfolio-ap/versions/becb80388d2689eb:populateFiles 200
[debug] [2023-05-20T21:59:32.029Z] <<< [apiv2][body] POST https://firebasehosting.googleapis.com/v1beta1/projects/398019374171/sites/mi-portfolio-ap/versions/becb80388d2689eb:populateFiles {"uploadRequiredHashes":["81d40eec67316fe77912831534fe308c01b9465a34bf4a8bb240584bf4ddfd2a","7715cde805428b3fcc548c8b402ecc5af743d2a8c1e01ce85c5758afb45d4b9a","13726e11485c02f98627c28dc020a2f258a8c8703246196cad30e2d25035b13f","e932f6cab79725cb4a408613d6e574c830b6f023bf0e6cfd14a8bd63415ae584"],"uploadUrl":"https://upload-firebasehosting.googleapis.com/upload/sites/mi-portfolio-ap/versions/becb80388d2689eb/files"}
[debug] [2023-05-20T21:59:32.030Z] >>> [apiv2][query] POST https://upload-firebasehosting.googleapis.com/upload/sites/mi-portfolio-ap/versions/becb80388d2689eb/files/81d40eec67316fe77912831534fe308c01b9465a34bf4a8bb240584bf4ddfd2a [none]
[debug] [2023-05-20T21:59:32.030Z] >>> [apiv2][body] POST https://upload-firebasehosting.googleapis.com/upload/sites/mi-portfolio-ap/versions/becb80388d2689eb/files/81d40eec67316fe77912831534fe308c01b9465a34bf4a8bb240584bf4ddfd2a [stream]
[debug] [2023-05-20T21:59:32.031Z] >>> [apiv2][query] POST https://upload-firebasehosting.googleapis.com/upload/sites/mi-portfolio-ap/versions/becb80388d2689eb/files/7715cde805428b3fcc548c8b402ecc5af743d2a8c1e01ce85c5758afb45d4b9a [none]
[debug] [2023-05-20T21:59:32.031Z] >>> [apiv2][body] POST https://upload-firebasehosting.googleapis.com/upload/sites/mi-portfolio-ap/versions/becb80388d2689eb/files/7715cde805428b3fcc548c8b402ecc5af743d2a8c1e01ce85c5758afb45d4b9a [stream]
[debug] [2023-05-20T21:59:32.032Z] >>> [apiv2][query] POST https://upload-firebasehosting.googleapis.com/upload/sites/mi-portfolio-ap/versions/becb80388d2689eb/files/13726e11485c02f98627c28dc020a2f258a8c8703246196cad30e2d25035b13f [none]
[debug] [2023-05-20T21:59:32.032Z] >>> [apiv2][body] POST https://upload-firebasehosting.googleapis.com/upload/sites/mi-portfolio-ap/versions/becb80388d2689eb/files/13726e11485c02f98627c28dc020a2f258a8c8703246196cad30e2d25035b13f [stream]
[debug] [2023-05-20T21:59:32.033Z] >>> [apiv2][query] POST https://upload-firebasehosting.googleapis.com/upload/sites/mi-portfolio-ap/versions/becb80388d2689eb/files/e932f6cab79725cb4a408613d6e574c830b6f023bf0e6cfd14a8bd63415ae584 [none]
[debug] [2023-05-20T21:59:32.033Z] >>> [apiv2][body] POST https://upload-firebasehosting.googleapis.com/upload/sites/mi-portfolio-ap/versions/becb80388d2689eb/files/e932f6cab79725cb4a408613d6e574c830b6f023bf0e6cfd14a8bd63415ae584 [stream]
[debug] [2023-05-20T21:59:32.034Z] [hosting][populate queue][FINAL] {"max":1379,"min":1379,"avg":1379,"active":0,"complete":1,"success":1,"errored":0,"retried":0,"total":1,"elapsed":1383}
[debug] [2023-05-20T21:59:32.034Z] [hosting] uploads queued: 4
[debug] [2023-05-20T21:59:33.563Z] <<< [apiv2][status] POST https://upload-firebasehosting.googleapis.com/upload/sites/mi-portfolio-ap/versions/becb80388d2689eb/files/81d40eec67316fe77912831534fe308c01b9465a34bf4a8bb240584bf4ddfd2a 200
[debug] [2023-05-20T21:59:33.563Z] <<< [apiv2][body] POST https://upload-firebasehosting.googleapis.com/upload/sites/mi-portfolio-ap/versions/becb80388d2689eb/files/81d40eec67316fe77912831534fe308c01b9465a34bf4a8bb240584bf4ddfd2a [stream]
[debug] [2023-05-20T21:59:33.790Z] <<< [apiv2][status] POST https://upload-firebasehosting.googleapis.com/upload/sites/mi-portfolio-ap/versions/becb80388d2689eb/files/13726e11485c02f98627c28dc020a2f258a8c8703246196cad30e2d25035b13f 200
[debug] [2023-05-20T21:59:33.790Z] <<< [apiv2][body] POST https://upload-firebasehosting.googleapis.com/upload/sites/mi-portfolio-ap/versions/becb80388d2689eb/files/13726e11485c02f98627c28dc020a2f258a8c8703246196cad30e2d25035b13f [stream]
[debug] [2023-05-20T21:59:33.919Z] <<< [apiv2][status] POST https://upload-firebasehosting.googleapis.com/upload/sites/mi-portfolio-ap/versions/becb80388d2689eb/files/7715cde805428b3fcc548c8b402ecc5af743d2a8c1e01ce85c5758afb45d4b9a 200
[debug] [2023-05-20T21:59:33.919Z] <<< [apiv2][body] POST https://upload-firebasehosting.googleapis.com/upload/sites/mi-portfolio-ap/versions/becb80388d2689eb/files/7715cde805428b3fcc548c8b402ecc5af743d2a8c1e01ce85c5758afb45d4b9a [stream]
[debug] [2023-05-20T21:59:34.052Z] <<< [apiv2][status] POST https://upload-firebasehosting.googleapis.com/upload/sites/mi-portfolio-ap/versions/becb80388d2689eb/files/e932f6cab79725cb4a408613d6e574c830b6f023bf0e6cfd14a8bd63415ae584 200
[debug] [2023-05-20T21:59:34.052Z] <<< [apiv2][body] POST https://upload-firebasehosting.googleapis.com/upload/sites/mi-portfolio-ap/versions/becb80388d2689eb/files/e932f6cab79725cb4a408613d6e574c830b6f023bf0e6cfd14a8bd63415ae584 [stream]
[debug] [2023-05-20T21:59:34.053Z] [hosting][upload queue][FINAL] {"max":2022,"min":1534,"avg":1801.25,"active":0,"complete":4,"success":4,"errored":0,"retried":0,"total":4,"elapsed":2024}
[info] ✔  hosting[mi-portfolio-ap]: file upload complete 
[debug] [2023-05-20T21:59:34.053Z] [hosting] deploy completed after 3575ms
[debug] [2023-05-20T21:59:34.054Z] [
  {
    "config": {
      "public": "dist/portfolio",
      "ignore": [
        "firebase.json",
        "**/.*",
        "**/node_modules/**"
      ],
      "rewrites": [
        {
          "source": "**",
          "destination": "/index.html"
        }
      ],
      "site": "mi-portfolio-ap"
    },
    "version": "projects/398019374171/sites/mi-portfolio-ap/versions/becb80388d2689eb"
  }
]
[info] i  hosting[mi-portfolio-ap]: finalizing version... 
[debug] [2023-05-20T21:59:34.056Z] >>> [apiv2][query] PATCH https://firebasehosting.googleapis.com/v1beta1/projects/-/sites/mi-portfolio-ap/versions/becb80388d2689eb updateMask=status%2Cconfig
[debug] [2023-05-20T21:59:34.056Z] >>> [apiv2][body] PATCH https://firebasehosting.googleapis.com/v1beta1/projects/-/sites/mi-portfolio-ap/versions/becb80388d2689eb {"status":"FINALIZED","config":{"rewrites":[{"glob":"**","path":"/index.html"}]}}
[debug] [2023-05-20T21:59:35.148Z] <<< [apiv2][status] PATCH https://firebasehosting.googleapis.com/v1beta1/projects/-/sites/mi-portfolio-ap/versions/becb80388d2689eb 200
[debug] [2023-05-20T21:59:35.148Z] <<< [apiv2][body] PATCH https://firebasehosting.googleapis.com/v1beta1/projects/-/sites/mi-portfolio-ap/versions/becb80388d2689eb {"name":"projects/398019374171/sites/mi-portfolio-ap/versions/becb80388d2689eb","status":"FINALIZED","config":{"rewrites":[{"glob":"**","path":"/index.html"}]},"labels":{"deployment-tool":"cli-firebase"},"createTime":"2023-05-20T21:59:30.475270Z","createUser":{"email":"coloradomaxx@gmail.com"},"finalizeTime":"2023-05-20T21:59:35.394133Z","finalizeUser":{"email":"coloradomaxx@gmail.com"}}
[debug] [2023-05-20T21:59:35.148Z] [hosting] finalized version for mi-portfolio-ap:[object Object]
[info] ✔  hosting[mi-portfolio-ap]: version finalized 
[info] i  hosting[mi-portfolio-ap]: releasing new version... 
[debug] [2023-05-20T21:59:35.149Z] >>> [apiv2][query] POST https://firebasehosting.googleapis.com/v1beta1/projects/-/sites/mi-portfolio-ap/channels/live/releases versionName=projects%2F398019374171%2Fsites%2Fmi-portfolio-ap%2Fversions%2Fbecb80388d2689eb
[debug] [2023-05-20T21:59:35.149Z] >>> [apiv2][body] POST https://firebasehosting.googleapis.com/v1beta1/projects/-/sites/mi-portfolio-ap/channels/live/releases {}
